# JRE version: Java(TM) SE Runtime Environment (17.0.12+8) (build 17.0.12+8-LTS-286)
# Java VM: Java HotSpot(TM) 64-Bit Server VM (17.0.12+8-LTS-286, mixed mode, sharing, tiered, compressed oops, compressed class ptrs, g1 gc, windows-amd64)
GC Precious Log:
 CPUs: 4 total, 4 available
 Memory: 8072M
 Large Page Support: Disabled
 NUMA Support: Disabled
 Compressed Oops: Enabled (32-bit)
 Heap Region Size: 1M
 Heap Min Capacity: 8M
 Heap Initial Capacity: 128M
 Heap Max Capacity: 2020M
 Pre-touch: Disabled
 Parallel Workers: 4
 Concurrent Workers: 1
 Concurrent Refinement Workers: 4
 Periodic GC: Disabled
Heap:
 garbage-first heap   total 152576K, used 73941K [0x0000000081c00000, 0x0000000100000000)
  region size 1024K, 5 young (5120K), 5 survivors (5120K)
 Metaspace       used 98136K, committed 99008K, reserved 1179648K
  class space    used 13141K, committed 13568K, reserved 1048576K
GC Heap History (20 events):
Event: 350.076 GC heap after
{Heap after GC invocations=47 (full 2):
 garbage-first heap   total 150528K, used 63947K [0x0000000081c00000, 0x0000000100000000)
  region size 1024K, 5 young (5120K), 5 survivors (5120K)
 Metaspace       used 95821K, committed 96640K, reserved 1179648K
  class space    used 13000K, committed 13376K, reserved 1048576K
}
Event: 351.511 GC heap before
{Heap before GC invocations=47 (full 2):
 garbage-first heap   total 150528K, used 123339K [0x0000000081c00000, 0x0000000100000000)
  region size 1024K, 63 young (64512K), 5 survivors (5120K)
 Metaspace       used 96241K, committed 96960K, reserved 1179648K
  class space    used 13022K, committed 13376K, reserved 1048576K
}
Event: 351.523 GC heap after
{Heap after GC invocations=48 (full 2):
 garbage-first heap   total 150528K, used 66489K [0x0000000081c00000, 0x0000000100000000)
  region size 1024K, 3 young (3072K), 3 survivors (3072K)
 Metaspace       used 96241K, committed 96960K, reserved 1179648K
  class space    used 13022K, committed 13376K, reserved 1048576K
}
Event: 352.133 GC heap before
{Heap before GC invocations=48 (full 2):
 garbage-first heap   total 150528K, used 123833K [0x0000000081c00000, 0x0000000100000000)
  region size 1024K, 59 young (60416K), 3 survivors (3072K)
 Metaspace       used 96609K, committed 97408K, reserved 1179648K
  class space    used 13045K, committed 13440K, reserved 1048576K
}
Event: 352.143 GC heap after
{Heap after GC invocations=49 (full 2):
 garbage-first heap   total 150528K, used 69512K [0x0000000081c00000, 0x0000000100000000)
  region size 1024K, 6 young (6144K), 6 survivors (6144K)
 Metaspace       used 96609K, committed 97408K, reserved 1179648K
  class space    used 13045K, committed 13440K, reserved 1048576K
}
Event: 368.965 GC heap before
{Heap before GC invocations=49 (full 2):
 garbage-first heap   total 150528K, used 123784K [0x0000000081c00000, 0x0000000100000000)
  region size 1024K, 59 young (60416K), 6 survivors (6144K)
 Metaspace       used 96641K, committed 97472K, reserved 1179648K
  class space    used 13045K, committed 13440K, reserved 1048576K
}
Event: 368.975 GC heap after
{Heap after GC invocations=50 (full 2):
 garbage-first heap   total 150528K, used 68741K [0x0000000081c00000, 0x0000000100000000)
  region size 1024K, 4 young (4096K), 4 survivors (4096K)
 Metaspace       used 96641K, committed 97472K, reserved 1179648K
  class space    used 13045K, committed 13440K, reserved 1048576K
}
Event: 369.033 GC heap before
{Heap before GC invocations=50 (full 2):
 garbage-first heap   total 150528K, used 68741K [0x0000000081c00000, 0x0000000100000000)
  region size 1024K, 5 young (5120K), 4 survivors (4096K)
 Metaspace       used 96645K, committed 97472K, reserved 1179648K
  class space    used 13045K, committed 13440K, reserved 1048576K
}
Event: 369.167 GC heap after
{Heap after GC invocations=51 (full 3):
 garbage-first heap   total 150528K, used 63950K [0x0000000081c00000, 0x0000000100000000)
  region size 1024K, 0 young (0K), 0 survivors (0K)
 Metaspace       used 96639K, committed 97472K, reserved 1179648K
  class space    used 13044K, committed 13440K, reserved 1048576K
}
Event: 372.409 GC heap before
{Heap before GC invocations=51 (full 3):
 garbage-first heap   total 150528K, used 124366K [0x0000000081c00000, 0x0000000100000000)
  region size 1024K, 59 young (60416K), 0 survivors (0K)
 Metaspace       used 96986K, committed 97728K, reserved 1179648K
  class space    used 13077K, committed 13440K, reserved 1048576K
}
Event: 372.415 GC heap after
{Heap after GC invocations=52 (full 3):
 garbage-first heap   total 150528K, used 69043K [0x0000000081c00000, 0x0000000100000000)
  region size 1024K, 5 young (5120K), 5 survivors (5120K)
 Metaspace       used 96986K, committed 97728K, reserved 1179648K
  class space    used 13077K, committed 13440K, reserved 1048576K
}
Event: 374.232 GC heap before
{Heap before GC invocations=52 (full 3):
 garbage-first heap   total 150528K, used 124339K [0x0000000081c00000, 0x0000000100000000)
  region size 1024K, 59 young (60416K), 5 survivors (5120K)
 Metaspace       used 97373K, committed 98240K, reserved 1179648K
  class space    used 13094K, committed 13504K, reserved 1048576K
}
Event: 374.242 GC heap after
{Heap after GC invocations=53 (full 3):
 garbage-first heap   total 150528K, used 71606K [0x0000000081c00000, 0x0000000100000000)
  region size 1024K, 3 young (3072K), 3 survivors (3072K)
 Metaspace       used 97373K, committed 98240K, reserved 1179648K
  class space    used 13094K, committed 13504K, reserved 1048576K
}
Event: 375.303 GC heap before
{Heap before GC invocations=53 (full 3):
 garbage-first heap   total 150528K, used 124854K [0x0000000081c00000, 0x0000000100000000)
  region size 1024K, 55 young (56320K), 3 survivors (3072K)
 Metaspace       used 97814K, committed 98624K, reserved 1179648K
  class space    used 13114K, committed 13504K, reserved 1048576K
}
Event: 375.311 GC heap after
{Heap after GC invocations=54 (full 3):
 garbage-first heap   total 150528K, used 74348K [0x0000000081c00000, 0x0000000100000000)
  region size 1024K, 6 young (6144K), 6 survivors (6144K)
 Metaspace       used 97814K, committed 98624K, reserved 1179648K
  class space    used 13114K, committed 13504K, reserved 1048576K
}
Event: 375.955 GC heap before
{Heap before GC invocations=55 (full 3):
 garbage-first heap   total 152576K, used 124524K [0x0000000081c00000, 0x0000000100000000)
  region size 1024K, 55 young (56320K), 6 survivors (6144K)
 Metaspace       used 97843K, committed 98688K, reserved 1179648K
  class space    used 13114K, committed 13504K, reserved 1048576K
}
Event: 375.968 GC heap after
{Heap after GC invocations=56 (full 3):
 garbage-first heap   total 152576K, used 75936K [0x0000000081c00000, 0x0000000100000000)
  region size 1024K, 5 young (5120K), 5 survivors (5120K)
 Metaspace       used 97843K, committed 98688K, reserved 1179648K
  class space    used 13114K, committed 13504K, reserved 1048576K
}
Event: 378.796 GC heap before
{Heap before GC invocations=56 (full 3):
 garbage-first heap   total 152576K, used 91296K [0x0000000081c00000, 0x0000000100000000)
  region size 1024K, 21 young (21504K), 5 survivors (5120K)
 Metaspace       used 97863K, committed 98688K, reserved 1179648K
  class space    used 13115K, committed 13504K, reserved 1048576K
}
Event: 378.932 GC heap after
{Heap after GC invocations=57 (full 4):
 garbage-first heap   total 152576K, used 68884K [0x0000000081c00000, 0x0000000100000000)
  region size 1024K, 0 young (0K), 0 survivors (0K)
 Metaspace       used 97856K, committed 98688K, reserved 1179648K
  class space    used 13114K, committed 13504K, reserved 1048576K
}
Event: 380.010 GC heap before
{Heap before GC invocations=57 (full 4):
 garbage-first heap   total 152576K, used 126228K [0x0000000081c00000, 0x0000000100000000)
  region size 1024K, 57 young (58368K), 0 survivors (0K)
 Metaspace       used 98136K, committed 99008K, reserved 1179648K
  class space    used 13141K, committed 13568K, reserved 1048576K
}

